Log file created on Thu Feb 04 20:26:45 MST 2021
IMPORTANT:
Because updating this file after every log message would kill
performance, it will be *incomplete* unless you invoke the
Utilities->Troubleshooting->Update Activity Log on Disk command!
8:26:45 PM [main] [message] Log: When reporting bugs, please include the following information:
8:26:45 PM [main] [message] Log: java.version=1.8.0_201
8:26:45 PM [main] [message] Log: java.vm.version=25.201-b09
8:26:45 PM [main] [message] Log: java.vm.name=Java HotSpot(TM) 64-Bit Server VM
8:26:45 PM [main] [message] Log: java.runtime.version=1.8.0_201-b09
8:26:45 PM [main] [message] Log: java.runtime.name=Java(TM) SE Runtime Environment
8:26:45 PM [main] [message] Log: java.vendor=Oracle Corporation
8:26:45 PM [main] [message] Log: java.compiler=null
8:26:45 PM [main] [message] Log: os.name=Windows 10
8:26:45 PM [main] [message] Log: os.version=10.0
8:26:45 PM [main] [message] Log: os.arch=amd64
8:26:45 PM [main] [message] Log: user.home=C:\Users\Zahra Rahmani
8:26:45 PM [main] [message] Log: java.home=C:\Program Files\Java\jdk1.8.0_201\jre
8:26:45 PM [main] [message] Log: java.class.path=C:\Users\Zahra Rahmani\eclipse-workspace\jEdit\build\jedit.jar
8:26:45 PM [main] [message] jEdit: starting with command line arguments: -settings=C:\Users\Zahra Rahmani\eclipse-workspace\jEdit\build/settings
8:26:45 PM [main] [debug] jEdit: before splash screen activation:48 ms
8:26:45 PM [main] [debug] jEdit: after splash screen activation:288 ms
8:26:45 PM [main] [debug] MiscUtilities: Saving backup of file "C:\Users\Zahra Rahmani\eclipse-workspace\jEdit\build\settings\activity.log" to "C:\Users\Zahra Rahmani\eclipse-workspace\jEdit\build\settings\settings-backup\activity.log~1~"
8:26:45 PM [main] [notice] jEdit: jEdit version 5.5.0
8:26:45 PM [main] [message] jEdit: Settings directory is C:\Users\Zahra Rahmani\eclipse-workspace\jEdit\build\settings
8:26:45 PM [main] [message] jEdit: jEdit home directory is C:\Users\Zahra Rahmani\eclipse-workspace\jEdit\build
8:26:45 PM [main] [debug] SplashScreen: init:16/168ms
8:26:45 PM [main] [debug] SplashScreen: init system properties:16/184ms
8:26:45 PM [main] [message] BeanShell: Beanshell Init
8:26:45 PM [main] [debug] SplashScreen: init beanshell:40/224ms
8:26:45 PM [main] [debug] SplashScreen: loading site properties:0/224ms
8:26:45 PM [main] [debug] SplashScreen: loading user properties:8/232ms
8:26:45 PM [main] [debug] GUIUtilities: Icon theme set to: tango
8:26:45 PM [main] [debug] GUIUtilities: Loading icon theme from: jeditresource:/org/gjt/sp/jedit/icons/themes/tango/
8:26:45 PM [main] [debug] SplashScreen: init GUI:0/232ms
8:26:45 PM [main] [debug] EditServer: jEdit server started on port 59455
8:26:45 PM [main] [debug] EditServer: Authorization key is 293906865
8:26:45 PM [main] [debug] SplashScreen: init server:8/240ms
8:26:45 PM [main] [debug] jEdit: initPLAF non-edt old=javax.swing.plaf.metal.MetalLookAndFeel requested=null new=javax.swing.plaf.metal.MetalLookAndFeel
8:26:45 PM [main] [debug] SplashScreen: init look and feel:0/240ms
8:26:45 PM [main] [debug] SplashScreen: init VFS Manager:0/240ms
8:26:45 PM [main] [debug] ActionSet: Loading actions from jar:file:/C:/Users/Zahra%20Rahmani/eclipse-workspace/jEdit/build/jedit.jar!/org/gjt/sp/jedit/actions.xml
8:26:45 PM [main] [debug] DockableWindowManager: Loading dockables from jar:file:/C:/Users/Zahra%20Rahmani/eclipse-workspace/jEdit/build/jedit.jar!/org/gjt/sp/jedit/dockables.xml
8:26:45 PM [main] [debug] SplashScreen: init resources:80/320ms
8:26:45 PM [AWT-EventQueue-0] [debug] EditBus: SearchSettingsChanged[source=null]
8:26:45 PM [main] [debug] SplashScreen: Migrate keymaps:40/360ms
8:26:45 PM [main] [notice] jEdit: Loading plugins from C:\Users\Zahra Rahmani\eclipse-workspace\jEdit\build\jars
8:26:45 PM [AWT-EventQueue-0] [debug] EditBus: PluginUpdate[what=LOADED,exit=false,version=5.0,source=C:\Users\Zahra Rahmani\eclipse-workspace\jEdit\build\jars\QuickNotepad.jar,class=QuickNotepadPlugin]
8:26:45 PM [main] [notice] jEdit: Loading plugins from C:\Users\Zahra Rahmani\eclipse-workspace\jEdit\build\settings\jars
8:26:45 PM [main] [debug] SplashScreen: init plugins:8/368ms
8:26:45 PM [main] [message] HistoryModel: Loading history
8:26:45 PM [main] [debug] SplashScreen: init history model:8/376ms
8:26:45 PM [main] [message] BufferHistory: Loading C:\Users\Zahra Rahmani\eclipse-workspace\jEdit\build\settings\recent.xml
8:26:45 PM [main] [debug] SplashScreen: init buffer history:8/384ms
8:26:45 PM [main] [message] KillRing: Loading C:\Users\Zahra Rahmani\eclipse-workspace\jEdit\build\settings\killring.xml
8:26:45 PM [main] [debug] SplashScreen: init killring:8/392ms
8:26:45 PM [main] [debug] jEdit: initPLAF non-edt old=javax.swing.plaf.metal.MetalLookAndFeel requested=null new=javax.swing.plaf.metal.MetalLookAndFeel
8:26:45 PM [main] [debug] jEdit: SOCKS proxy disabled
8:26:45 PM [main] [debug] jEdit: HTTP proxy disabled
8:26:45 PM [AWT-EventQueue-0] [debug] EditBus: PropertiesChanged[source=null]
8:26:45 PM [main] [debug] SplashScreen: init various properties:56/448ms
8:26:45 PM [main] [message] jEdit: Loading mode catalog file C:\Users\Zahra Rahmani\eclipse-workspace\jEdit\build\modes\catalog
8:26:45 PM [main] [message] jEdit: Loading mode catalog file C:\Users\Zahra Rahmani\eclipse-workspace\jEdit\build\settings\modes\catalog
8:26:45 PM [main] [debug] SplashScreen: init modes:32/480ms
8:26:45 PM [main] [debug] SplashScreen: activate plugins:8/488ms
8:26:45 PM [main] [debug] Macros: Registered beanshell macro handler
8:26:45 PM [AWT-EventQueue-0] [debug] EditBus: DynamicMenuChanged[menu=macros,source=null]
8:26:45 PM [main] [debug] SplashScreen: init macros:16/504ms
8:26:45 PM [main] [message] BeanShell: Running script C:\Users\Zahra Rahmani\eclipse-workspace\jEdit\build\startup\startup.bsh
8:26:45 PM [main] [notice] jEdit$5: Loading edit mode C:\Users\Zahra Rahmani\eclipse-workspace\jEdit\build\modes\text.xml
8:26:45 PM [main] [debug] String: BeanShell interpreter version 2.0b4-jedit
8:26:45 PM [main] [debug] SplashScreen: run startup scripts:88/592ms
8:26:45 PM [main] [debug] SplashScreen: run startup scripts:0/592ms
8:26:45 PM [main] [debug] SplashScreen: run startup scripts:0/592ms
8:26:45 PM [main] [debug] jEdit: main done:744 ms
8:26:45 PM [AWT-EventQueue-0] [message] PerspectiveManager: Loading C:\Users\Zahra Rahmani\eclipse-workspace\jEdit\build\settings\perspective.xml
8:26:45 PM [AWT-EventQueue-0] [debug] EditBus: BufferUpdate[what=PROPERTIES_CHANGED,view=null,source=Untitled-1 (%USERPROFILE%\eclipse-workspace\jEdit\)]
8:26:45 PM [AWT-EventQueue-0] [debug] EditBus: BufferUpdate[what=CREATED,view=null,source=Untitled-1 (%USERPROFILE%\eclipse-workspace\jEdit\)]
8:26:45 PM [AWT-EventQueue-0] [debug] EditBus: BufferUpdate[what=LOAD_STARTED,view=null,source=Untitled-1 (%USERPROFILE%\eclipse-workspace\jEdit\)]
8:26:45 PM [AWT-EventQueue-0] [debug] EditBus: BufferUpdate[what=LOADED,view=null,source=Untitled-1 (%USERPROFILE%\eclipse-workspace\jEdit\)]
8:26:45 PM [AWT-EventQueue-0] [debug] BufferSet: 1346340504: addBufferSetListener org.gjt.sp.jedit.EditPane[inactive]
8:26:46 PM [AWT-EventQueue-0] [debug] EditBus: BufferChanging[what=BUFFER_CHANGING,source=org.gjt.sp.jedit.EditPane[inactive]]
8:26:46 PM [AWT-EventQueue-0] [debug] BufferSet: 1346340504 addBufferAt(Untitled-1 (%USERPROFILE%\eclipse-workspace\jEdit\),-1)
8:26:46 PM [AWT-EventQueue-0] [debug] BufferSet: 1346340504: Buffer added Untitled-1 (%USERPROFILE%\eclipse-workspace\jEdit\) at 0
8:26:46 PM [AWT-EventQueue-0] [debug] EditBus: EditPaneUpdate[what=CREATED,source=org.gjt.sp.jedit.EditPane[inactive]]
8:26:46 PM [AWT-EventQueue-0] [debug] BufferSet: 1346340504 addBufferAt(Untitled-1 (%USERPROFILE%\eclipse-workspace\jEdit\),0)
8:26:46 PM [AWT-EventQueue-0] [debug] BufferSet: 1346340504 addBufferAt(Untitled-1 (%USERPROFILE%\eclipse-workspace\jEdit\),1)
8:26:46 PM [AWT-EventQueue-0] [debug] EditBus: ViewUpdate[what=CREATED,source=org.gjt.sp.jedit.View[active]]
8:26:46 PM [AWT-EventQueue-0] [debug] EditBus: EditorStarted[source=null]
8:26:46 PM [AWT-EventQueue-0] [message] jEdit: Startup complete: 1299 ms
8:26:46 PM [AWT-EventQueue-0] [debug] EditBus: ViewUpdate[what=VIEW_ACTIVATED,source=org.gjt.sp.jedit.View[active]]
8:26:46 PM [AWT-EventQueue-0] [debug] JEditTextArea: InputMethodSupport is activated
8:26:48 PM [AWT-EventQueue-0] [error] AWT-EventQueue-0: Exception in thread "AWT-EventQueue-0" 
8:26:48 PM [AWT-EventQueue-0] [error] AWT-EventQueue-0: java.lang.NullPointerException
8:26:48 PM [AWT-EventQueue-0] [error] AWT-EventQueue-0:  at sun.awt.windows.WInputMethod$1.run(WInputMethod.java:592)
8:26:48 PM [AWT-EventQueue-0] [error] AWT-EventQueue-0:  at java.awt.event.InvocationEvent.dispatch(InvocationEvent.java:311)
8:26:48 PM [AWT-EventQueue-0] [error] AWT-EventQueue-0:  at java.awt.EventQueue.dispatchEventImpl(EventQueue.java:758)
8:26:48 PM [AWT-EventQueue-0] [error] AWT-EventQueue-0:  at java.awt.EventQueue.access$500(EventQueue.java:97)
8:26:48 PM [AWT-EventQueue-0] [error] AWT-EventQueue-0:  at java.awt.EventQueue$3.run(EventQueue.java:709)
8:26:48 PM [AWT-EventQueue-0] [error] AWT-EventQueue-0:  at java.awt.EventQueue$3.run(EventQueue.java:703)
8:26:48 PM [AWT-EventQueue-0] [error] AWT-EventQueue-0:  at java.security.AccessController.doPrivileged(Native Method)
8:26:48 PM [AWT-EventQueue-0] [error] AWT-EventQueue-0:  at java.security.ProtectionDomain$JavaSecurityAccessImpl.doIntersectionPrivilege(ProtectionDomain.java:74)
8:26:48 PM [AWT-EventQueue-0] [error] AWT-EventQueue-0:  at java.security.ProtectionDomain$JavaSecurityAccessImpl.doIntersectionPrivilege(ProtectionDomain.java:84)
8:26:48 PM [AWT-EventQueue-0] [error] AWT-EventQueue-0:  at java.awt.EventQueue$4.run(EventQueue.java:733)
8:26:48 PM [AWT-EventQueue-0] [error] AWT-EventQueue-0:  at java.awt.EventQueue$4.run(EventQueue.java:731)
8:26:48 PM [AWT-EventQueue-0] [error] AWT-EventQueue-0:  at java.security.AccessController.doPrivileged(Native Method)
8:26:48 PM [AWT-EventQueue-0] [error] AWT-EventQueue-0:  at java.security.ProtectionDomain$JavaSecurityAccessImpl.doIntersectionPrivilege(ProtectionDomain.java:74)
8:26:48 PM [AWT-EventQueue-0] [error] AWT-EventQueue-0:  at java.awt.EventQueue.dispatchEvent(EventQueue.java:730)
8:26:48 PM [AWT-EventQueue-0] [error] AWT-EventQueue-0:  at java.awt.EventDispatchThread.pumpOneEventForFilters(EventDispatchThread.java:205)
8:26:48 PM [AWT-EventQueue-0] [error] AWT-EventQueue-0:  at java.awt.EventDispatchThread.pumpEventsForFilter(EventDispatchThread.java:116)
8:26:48 PM [AWT-EventQueue-0] [error] AWT-EventQueue-0:  at java.awt.EventDispatchThread.pumpEventsForHierarchy(EventDispatchThread.java:105)
8:26:48 PM [AWT-EventQueue-0] [error] AWT-EventQueue-0:  at java.awt.EventDispatchThread.pumpEvents(EventDispatchThread.java:101)
8:26:48 PM [AWT-EventQueue-0] [error] AWT-EventQueue-0:  at java.awt.EventDispatchThread.pumpEvents(EventDispatchThread.java:93)
8:26:48 PM [AWT-EventQueue-0] [error] AWT-EventQueue-0:  at java.awt.EventDispatchThread.run(EventDispatchThread.java:82)
8:26:51 PM [AWT-EventQueue-0] [debug] EditBus: PositionChanging[what=POSITION_CHANGING,source=org.gjt.sp.jedit.EditPane[active]]
8:26:51 PM [AWT-EventQueue-0] [debug] EditBus: PositionChanging[what=POSITION_CHANGING,source=org.gjt.sp.jedit.EditPane[active]]
8:26:55 PM [AWT-EventQueue-0] [debug] PluginJAR: Opening C:\Users\Zahra Rahmani\eclipse-workspace\jEdit\build\jars\QuickNotepad.jar
8:26:55 PM [AWT-EventQueue-0] [debug] EditBus: PluginUpdate[what=ACTIVATED,exit=false,version=5.0,source=C:\Users\Zahra Rahmani\eclipse-workspace\jEdit\build\jars\QuickNotepad.jar,class=QuickNotepadPlugin]
8:27:03 PM [AWT-EventQueue-0] [debug] jEdit: initPLAF edt old=javax.swing.plaf.metal.MetalLookAndFeel requested=null new=javax.swing.plaf.metal.MetalLookAndFeel
8:27:03 PM [AWT-EventQueue-0] [debug] jEdit: SOCKS proxy disabled
8:27:03 PM [AWT-EventQueue-0] [debug] jEdit: HTTP proxy disabled
8:27:03 PM [AWT-EventQueue-0] [debug] EditBus: BufferUpdate[what=PROPERTIES_CHANGED,view=null,source=Untitled-1 (%USERPROFILE%\eclipse-workspace\jEdit\)]
8:27:03 PM [AWT-EventQueue-0] [debug] EditBus: PropertiesChanged[source=null]
8:27:03 PM [AWT-EventQueue-0] [message] HistoryModel: Saving history
8:27:03 PM [AWT-EventQueue-0] [debug] MiscUtilities: Saving backup of file "C:\Users\Zahra Rahmani\eclipse-workspace\jEdit\build\settings\history" to "C:\Users\Zahra Rahmani\eclipse-workspace\jEdit\build\settings\settings-backup\history~1~"
8:27:03 PM [AWT-EventQueue-0] [message] BufferHistory: Saving C:\Users\Zahra Rahmani\eclipse-workspace\jEdit\build\settings\recent.xml
8:27:03 PM [AWT-EventQueue-0] [debug] MiscUtilities: Saving backup of file "C:\Users\Zahra Rahmani\eclipse-workspace\jEdit\build\settings\recent.xml" to "C:\Users\Zahra Rahmani\eclipse-workspace\jEdit\build\settings\settings-backup\recent.xml~1~"
8:27:03 PM [AWT-EventQueue-0] [message] KillRing: Saving C:\Users\Zahra Rahmani\eclipse-workspace\jEdit\build\settings\killring.xml
8:27:03 PM [AWT-EventQueue-0] [debug] MiscUtilities: Saving backup of file "C:\Users\Zahra Rahmani\eclipse-workspace\jEdit\build\settings\killring.xml" to "C:\Users\Zahra Rahmani\eclipse-workspace\jEdit\build\settings\settings-backup\killring.xml~1~"
8:27:03 PM [AWT-EventQueue-0] [debug] MiscUtilities: Saving backup of file "C:\Users\Zahra Rahmani\eclipse-workspace\jEdit\build\settings\properties" to "C:\Users\Zahra Rahmani\eclipse-workspace\jEdit\build\settings\settings-backup\properties~1~"
8:27:04 PM [AWT-EventQueue-0] [debug] jEdit: initPLAF edt old=javax.swing.plaf.metal.MetalLookAndFeel requested=null new=javax.swing.plaf.metal.MetalLookAndFeel
8:27:04 PM [AWT-EventQueue-0] [debug] jEdit: SOCKS proxy disabled
8:27:04 PM [AWT-EventQueue-0] [debug] jEdit: HTTP proxy disabled
8:27:04 PM [AWT-EventQueue-0] [debug] EditBus: BufferUpdate[what=PROPERTIES_CHANGED,view=null,source=Untitled-1 (%USERPROFILE%\eclipse-workspace\jEdit\)]
8:27:04 PM [AWT-EventQueue-0] [debug] EditBus: PropertiesChanged[source=null]
8:27:05 PM [AWT-EventQueue-0] [message] BufferHistory: Saving C:\Users\Zahra Rahmani\eclipse-workspace\jEdit\build\settings\recent.xml
8:27:05 PM [AWT-EventQueue-0] [debug] MiscUtilities: Saving backup of file "C:\Users\Zahra Rahmani\eclipse-workspace\jEdit\build\settings\recent.xml" to "C:\Users\Zahra Rahmani\eclipse-workspace\jEdit\build\settings\settings-backup\recent.xml~1~"
8:27:05 PM [AWT-EventQueue-0] [message] KillRing: Saving C:\Users\Zahra Rahmani\eclipse-workspace\jEdit\build\settings\killring.xml
8:27:05 PM [AWT-EventQueue-0] [debug] MiscUtilities: Saving backup of file "C:\Users\Zahra Rahmani\eclipse-workspace\jEdit\build\settings\killring.xml" to "C:\Users\Zahra Rahmani\eclipse-workspace\jEdit\build\settings\settings-backup\killring.xml~1~"
8:27:05 PM [AWT-EventQueue-0] [debug] MiscUtilities: Saving backup of file "C:\Users\Zahra Rahmani\eclipse-workspace\jEdit\build\settings\properties" to "C:\Users\Zahra Rahmani\eclipse-workspace\jEdit\build\settings\settings-backup\properties~1~"
8:27:06 PM [AWT-EventQueue-0] [debug] EditBus: PositionChanging[what=POSITION_CHANGING,source=org.gjt.sp.jedit.EditPane[active]]
8:27:06 PM [AWT-EventQueue-0] [debug] EditBus: PositionChanging[what=POSITION_CHANGING,source=org.gjt.sp.jedit.EditPane[active]]
8:27:06 PM [AWT-EventQueue-0] [debug] EditBus: PositionChanging[what=POSITION_CHANGING,source=org.gjt.sp.jedit.EditPane[active]]
8:27:07 PM [AWT-EventQueue-0] [debug] EditBus: PositionChanging[what=POSITION_CHANGING,source=org.gjt.sp.jedit.EditPane[active]]
8:27:10 PM [AWT-EventQueue-0] [debug] EditBus: PositionChanging[what=POSITION_CHANGING,source=org.gjt.sp.jedit.EditPane[active]]
8:27:13 PM [AWT-EventQueue-0] [debug] EditBus: PositionChanging[what=POSITION_CHANGING,source=org.gjt.sp.jedit.EditPane[active]]
8:27:13 PM [AWT-EventQueue-0] [debug] EditBus: PositionChanging[what=POSITION_CHANGING,source=org.gjt.sp.jedit.EditPane[active]]
8:27:13 PM [AWT-EventQueue-0] [debug] EditBus: PositionChanging[what=POSITION_CHANGING,source=org.gjt.sp.jedit.EditPane[active]]
8:27:15 PM [AWT-EventQueue-0] [debug] MiscUtilities: Saving backup of file "C:\Users\Zahra Rahmani\eclipse-workspace\jEdit\build\settings\perspective.xml" to "C:\Users\Zahra Rahmani\eclipse-workspace\jEdit\build\settings\settings-backup\perspective.xml~1~"
8:27:15 PM [jEdit Worker #0] [debug] MiscUtilities: Saving autosave of file "C:\Users\Zahra Rahmani\eclipse-workspace\jEdit\Untitled-1" to "C:\Users\Zahra Rahmani\eclipse-workspace\jEdit\#Untitled-1#"
8:27:45 PM [jEdit Worker #1] [debug] MiscUtilities: Saving autosave of file "C:\Users\Zahra Rahmani\eclipse-workspace\jEdit\Untitled-1" to "C:\Users\Zahra Rahmani\eclipse-workspace\jEdit\#Untitled-1#"
8:28:41 PM [AWT-EventQueue-0] [debug] EditBus: EditorExitRequested[source=org.gjt.sp.jedit.View[active]]
8:28:41 PM [AWT-EventQueue-0] [message] PerspectiveManager: Saving C:\Users\Zahra Rahmani\eclipse-workspace\jEdit\build\settings\perspective.xml
8:28:41 PM [AWT-EventQueue-0] [debug] MiscUtilities: Saving backup of file "C:\Users\Zahra Rahmani\eclipse-workspace\jEdit\build\settings\perspective.xml" to "C:\Users\Zahra Rahmani\eclipse-workspace\jEdit\build\settings\settings-backup\perspective.xml~1~"
8:28:41 PM [AWT-EventQueue-0] [debug] EditBus: EditorExiting[source=null]
8:28:41 PM [AWT-EventQueue-0] [debug] EditBus: ViewUpdate[what=CLOSED,source=org.gjt.sp.jedit.View[active]]
8:28:41 PM [AWT-EventQueue-0] [debug] EditBus: EditPaneUpdate[what=DESTROYED,source=org.gjt.sp.jedit.EditPane[active]]
8:28:41 PM [AWT-EventQueue-0] [debug] BufferSet: 1346340504: Buffer removed Untitled-1 (%USERPROFILE%\eclipse-workspace\jEdit\)
8:28:41 PM [AWT-EventQueue-0] [debug] BufferSetManager: Buffer:Untitled-1 (%USERPROFILE%\eclipse-workspace\jEdit\) is in no bufferSet anymore, closing it
8:28:41 PM [AWT-EventQueue-0] [debug] EditBus: PluginUpdate[what=DEACTIVATED,exit=true,version=5.0,source=C:\Users\Zahra Rahmani\eclipse-workspace\jEdit\build\jars\QuickNotepad.jar,class=QuickNotepadPlugin]
8:28:41 PM [AWT-EventQueue-0] [debug] EditBus: PluginUpdate[what=UNLOADED,exit=true,version=5.0,source=C:\Users\Zahra Rahmani\eclipse-workspace\jEdit\build\jars\QuickNotepad.jar,class=QuickNotepadPlugin]
8:28:41 PM [AWT-EventQueue-0] [message] HistoryModel: Saving history
8:28:41 PM [AWT-EventQueue-0] [debug] MiscUtilities: Saving backup of file "C:\Users\Zahra Rahmani\eclipse-workspace\jEdit\build\settings\history" to "C:\Users\Zahra Rahmani\eclipse-workspace\jEdit\build\settings\settings-backup\history~1~"
8:28:41 PM [AWT-EventQueue-0] [message] BufferHistory: Saving C:\Users\Zahra Rahmani\eclipse-workspace\jEdit\build\settings\recent.xml
8:28:41 PM [AWT-EventQueue-0] [debug] MiscUtilities: Saving backup of file "C:\Users\Zahra Rahmani\eclipse-workspace\jEdit\build\settings\recent.xml" to "C:\Users\Zahra Rahmani\eclipse-workspace\jEdit\build\settings\settings-backup\recent.xml~1~"
8:28:41 PM [AWT-EventQueue-0] [message] KillRing: Saving C:\Users\Zahra Rahmani\eclipse-workspace\jEdit\build\settings\killring.xml
8:28:41 PM [AWT-EventQueue-0] [debug] MiscUtilities: Saving backup of file "C:\Users\Zahra Rahmani\eclipse-workspace\jEdit\build\settings\killring.xml" to "C:\Users\Zahra Rahmani\eclipse-workspace\jEdit\build\settings\settings-backup\killring.xml~1~"
8:28:41 PM [AWT-EventQueue-0] [debug] MiscUtilities: Saving backup of file "C:\Users\Zahra Rahmani\eclipse-workspace\jEdit\build\settings\properties" to "C:\Users\Zahra Rahmani\eclipse-workspace\jEdit\build\settings\settings-backup\properties~1~"
